<?xml version="1.0" encoding="UTF-8"?>
<!-- Generated by org.testng.reporters.JUnitReportReporter -->
<testsuite hostname="AKR" failures="0" tests="1" name="logintest.testes" time="15.058" errors="0" timestamp="2024-12-23T11:15:28 IST" skipped="0">
  <testcase classname="logintest.testes" name="logintestcase" time="15.058"/>
  <system-out/>
</testsuite> <!-- logintest.testes -->
