<?xml version="1.0" encoding="UTF-8"?>
<!-- Generated by org.testng.reporters.JUnitReportReporter -->
<testsuite hostname="AKR" failures="0" tests="1" name="logintest.testes" time="20.481" errors="0" timestamp="2024-12-20T14:50:26 IST" skipped="0">
  <testcase classname="logintest.testes" name="logintestcase" time="20.481"/>
  <system-out/>
</testsuite> <!-- logintest.testes -->
