<?xml version="1.0" encoding="UTF-8"?>
<!-- Generated by org.testng.reporters.JUnitReportReporter -->
<testsuite hostname="AKR" failures="0" tests="1" name="logintest.testes" time="19.316" errors="0" timestamp="2024-12-19T11:03:06 IST" skipped="0">
  <testcase classname="logintest.testes" name="logintestcase" time="19.316"/>
</testsuite> <!-- logintest.testes -->
